[14:49:52] DEBUG | mcp-server | [TARANTOOL_DEBUG] Tarantool.get() called for key='cache:7f860b3978c3ec802c46a34d725c4868'
[14:49:52] DEBUG | mcp-server | [CACHE] Cache MISS: app.services.fetch_data:fetch_company_info:7707083893 ‚Üí cache:7f860b3978c3ec802c46a34d725c4868
[14:49:52] INFO | mcp-server | [COMPANY_INFO] Fetching data for INN: 7707083893
[14:49:52] DEBUG | mcp-server | [TARANTOOL_DEBUG] Tarantool.get() called for key='cache:f57fb25c3908b3c8477a4c4e4d23650d'
[14:49:52] DEBUG | mcp-server | [TARANTOOL_DEBUG] Tarantool.get() called for key='cache:bda37742e816828deea7f9d37c31b431'
[14:49:52] DEBUG | mcp-server | [TARANTOOL_DEBUG] Tarantool.get() called for key='cache:71b8a916a2d770889a41fbcc4db6f7eb'
[14:49:52] DEBUG | mcp-server | [CACHE] Cache MISS: app.services.fetch_data:fetch_from_dadata:7707083893 ‚Üí cache:bda37742e816828deea7f9d37c31b431
[14:49:52] ERROR | mcp-server | [TARANTOOL] Unexpected error on GET cache:f57fb25c3908b3c8477a4c4e4d23650d: 'int' object has no attribute 'get'
[14:49:52] ERROR | mcp-server | [TARANTOOL] Unexpected error on GET cache:f57fb25c3908b3c8477a4c4e4d23650d: 'int' object has no attribute 'get'
[14:49:52] ERROR | mcp-server | [TARANTOOL] Unexpected error on GET cache:71b8a916a2d770889a41fbcc4db6f7eb: 3 exceeds max_map_len(2)
[14:49:52] ERROR | mcp-server | [TARANTOOL] Unexpected error on GET cache:71b8a916a2d770889a41fbcc4db6f7eb: 3 exceeds max_map_len(2)
[14:49:52] INFO | mcp-server | 
[14:49:52] INFO | mcp-server | 
[14:49:52] DEBUG | mcp-server | [CACHE] Cache MISS: app.services.fetch_data:fetch_from_infosphere:7707083893 ‚Üí cache:f57fb25c3908b3c8477a4c4e4d23650d
[14:49:52] INFO | mcp-server | 
[14:49:52] DEBUG | mcp-server | [CACHE] Cache MISS: app.services.fetch_data:fetch_from_casebook:7707083893 ‚Üí cache:71b8a916a2d770889a41fbcc4db6f7eb
[14:49:52] INFO | mcp-server | 
[14:49:52] INFO | mcp-server | 
[14:49:52] DEBUG | mcp-server | [TARANTOOL] Cache set: cache:bda37742e816828deea7f9d37c31b431, ttl=7200
[14:49:52] DEBUG | mcp-server | [CACHE] Cache SET: cache:bda37742e816828deea7f9d37c31b431, ttl=7200
[14:49:52] INFO | mcp-server | 
[14:49:53] INFO | mcp-server | [FETCH_ALL_PAGES] –ü–∞–≥–∏–Ω–∞—Ü–∏—è –Ω–µ –æ–±–Ω–∞—Ä—É–∂–µ–Ω–∞. –û—Å—Ç–∞–Ω–∞–≤–ª–∏–≤–∞–µ–º—Å—è –ø–æ—Å–ª–µ —Å—Ç—Ä–∞–Ω–∏—Ü—ã 1.
[14:49:53] DEBUG | mcp-server | [TARANTOOL] Cache set: cache:71b8a916a2d770889a41fbcc4db6f7eb, ttl=9600
[14:49:53] DEBUG | mcp-server | [CACHE] Cache SET: cache:71b8a916a2d770889a41fbcc4db6f7eb, ttl=9600
[14:50:22] WARNING | mcp-server | [_RETRY_REQUEST] Request error: . Retrying in 0.5 seconds...
[14:50:22] INFO | mcp-server | 
[14:50:52] WARNING | mcp-server | [_RETRY_REQUEST] Request error: . Retrying in 1.0 seconds...
[14:50:53] INFO | mcp-server | 
[14:51:11] WARNING | mcp-server | [TARANTOOL] All cache keys invalidated (space 'cache' truncated)
[14:51:13] DEBUG | mcp-server | [TARANTOOL_DEBUG] Tarantool.get() called for key='cache:7f860b3978c3ec802c46a34d725c4868'
[14:51:13] DEBUG | mcp-server | [CACHE] Cache MISS: app.services.fetch_data:fetch_company_info:7707083893 ‚Üí cache:7f860b3978c3ec802c46a34d725c4868
[14:51:13] INFO | mcp-server | [COMPANY_INFO] Fetching data for INN: 7707083893
[14:51:13] DEBUG | mcp-server | [TARANTOOL_DEBUG] Tarantool.get() called for key='cache:f57fb25c3908b3c8477a4c4e4d23650d'
[14:51:13] DEBUG | mcp-server | [TARANTOOL_DEBUG] Tarantool.get() called for key='cache:f57fb25c3908b3c8477a4c4e4d23650d'
[14:51:13] DEBUG | mcp-server | [TARANTOOL_DEBUG] Tarantool.get() called for key='cache:bda37742e816828deea7f9d37c31b431'
[14:51:13] DEBUG | mcp-server | [TARANTOOL_DEBUG] Tarantool.get() called for key='cache:71b8a916a2d770889a41fbcc4db6f7eb'
[14:51:13] DEBUG | mcp-server | [CACHE] Cache MISS: app.services.fetch_data:fetch_from_infosphere:7707083893 ‚Üí cache:f57fb25c3908b3c8477a4c4e4d23650d
[14:51:13] INFO | mcp-server | 
[14:51:13] DEBUG | mcp-server | [CACHE] Cache MISS: app.services.fetch_data:fetch_from_dadata:7707083893 ‚Üí cache:bda37742e816828deea7f9d37c31b431
[14:51:13] INFO | mcp-server | 
[14:51:13] DEBUG | mcp-server | [CACHE] Cache MISS: app.services.fetch_data:fetch_from_casebook:7707083893 ‚Üí cache:71b8a916a2d770889a41fbcc4db6f7eb
[14:51:13] INFO | mcp-server | 
[14:51:14] INFO | mcp-server | 
[14:51:14] DEBUG | mcp-server | [TARANTOOL] Cache set: cache:bda37742e816828deea7f9d37c31b431, ttl=7200
[14:51:14] DEBUG | mcp-server | [CACHE] Cache SET: cache:bda37742e816828deea7f9d37c31b431, ttl=7200
[14:51:14] INFO | mcp-server | 
[14:51:14] INFO | mcp-server | [FETCH_ALL_PAGES] –ü–∞–≥–∏–Ω–∞—Ü–∏—è –Ω–µ –æ–±–Ω–∞—Ä—É–∂–µ–Ω–∞. –û—Å—Ç–∞–Ω–∞–≤–ª–∏–≤–∞–µ–º—Å—è –ø–æ—Å–ª–µ —Å—Ç—Ä–∞–Ω–∏—Ü—ã 1.
[14:51:14] DEBUG | mcp-server | [TARANTOOL] Cache set: cache:71b8a916a2d770889a41fbcc4db6f7eb, ttl=9600
[14:51:14] DEBUG | mcp-server | [CACHE] Cache SET: cache:71b8a916a2d770889a41fbcc4db6f7eb, ttl=9600
[14:51:24] ERROR | mcp-server | [_RETRY_REQUEST] Request failed after 3 attempts: 
[14:51:24] ERROR | mcp-server | [INFOSPHERE] InfoSphere request failed for INN 7707083893
Traceback (most recent call last):
  File "/home/user/dev/analyze_agent/.venv/lib/python3.12/site-packages/httpx/_transports/default.py", line 101, in map_httpcore_exceptions
    yield
  File "/home/user/dev/analyze_agent/.venv/lib/python3.12/site-packages/httpx/_transports/default.py", line 394, in handle_async_request
    resp = await self._pool.handle_async_request(req)
           ^^^^^^^^^^^^^^^^^^^^^^^^^^^^^^^^^^^^^^^^^^
  File "/home/user/dev/analyze_agent/.venv/lib/python3.12/site-packages/httpcore/_async/connection_pool.py", line 256, in handle_async_request
    raise exc from None
  File "/home/user/dev/analyze_agent/.venv/lib/python3.12/site-packages/httpcore/_async/connection_pool.py", line 236, in handle_async_request
    response = await connection.handle_async_request(
               ^^^^^^^^^^^^^^^^^^^^^^^^^^^^^^^^^^^^^^
  File "/home/user/dev/analyze_agent/.venv/lib/python3.12/site-packages/httpcore/_async/connection.py", line 103, in handle_async_request
    return await self._connection.handle_async_request(request)
           ^^^^^^^^^^^^^^^^^^^^^^^^^^^^^^^^^^^^^^^^^^^^^^^^^^^^
  File "/home/user/dev/analyze_agent/.venv/lib/python3.12/site-packages/httpcore/_async/http11.py", line 136, in handle_async_request
    raise exc
  File "/home/user/dev/analyze_agent/.venv/lib/python3.12/site-packages/httpcore/_async/http11.py", line 106, in handle_async_request
    ) = await self._receive_response_headers(**kwargs)
        ^^^^^^^^^^^^^^^^^^^^^^^^^^^^^^^^^^^^^^^^^^^^^^
  File "/home/user/dev/analyze_agent/.venv/lib/python3.12/site-packages/httpcore/_async/http11.py", line 177, in _receive_response_headers
    event = await self._receive_event(timeout=timeout)
            ^^^^^^^^^^^^^^^^^^^^^^^^^^^^^^^^^^^^^^^^^^
  File "/home/user/dev/analyze_agent/.venv/lib/python3.12/site-packages/httpcore/_async/http11.py", line 217, in _receive_event
    data = await self._network_stream.read(
           ^^^^^^^^^^^^^^^^^^^^^^^^^^^^^^^^
  File "/home/user/dev/analyze_agent/.venv/lib/python3.12/site-packages/httpcore/_backends/anyio.py", line 32, in read
    with map_exceptions(exc_map):
  File "/usr/lib/python3.12/contextlib.py", line 158, in __exit__
    self.gen.throw(value)
  File "/home/user/dev/analyze_agent/.venv/lib/python3.12/site-packages/httpcore/_exceptions.py", line 14, in map_exceptions
    raise to_exc(exc) from exc
httpcore.ReadTimeout

The above exception was the direct cause of the following exception:

Traceback (most recent call last):
  File "/home/user/dev/analyze_agent/app/services/fetch_data.py", line 58, in fetch_from_infosphere
    resp = await client.request(
           ^^^^^^^^^^^^^^^^^^^^^
  File "/home/user/dev/analyze_agent/app/services/http_client.py", line 200, in request
    return await self._retry_request(method=method, url=url, **kwargs)
           ^^^^^^^^^^^^^^^^^^^^^^^^^^^^^^^^^^^^^^^^^^^^^^^^^^^^^^^^^^^
  File "/home/user/dev/analyze_agent/app/services/http_client.py", line 94, in _retry_request
    response = await client.request(method, url, **kwargs)
               ^^^^^^^^^^^^^^^^^^^^^^^^^^^^^^^^^^^^^^^^^^^
  File "/home/user/dev/analyze_agent/.venv/lib/python3.12/site-packages/httpx/_client.py", line 1540, in request
    return await self.send(request, auth=auth, follow_redirects=follow_redirects)
           ^^^^^^^^^^^^^^^^^^^^^^^^^^^^^^^^^^^^^^^^^^^^^^^^^^^^^^^^^^^^^^^^^^^^^^
  File "/home/user/dev/analyze_agent/.venv/lib/python3.12/site-packages/httpx/_client.py", line 1629, in send
    response = await self._send_handling_auth(
               ^^^^^^^^^^^^^^^^^^^^^^^^^^^^^^^
  File "/home/user/dev/analyze_agent/.venv/lib/python3.12/site-packages/httpx/_client.py", line 1657, in _send_handling_auth
    response = await self._send_handling_redirects(
               ^^^^^^^^^^^^^^^^^^^^^^^^^^^^^^^^^^^^
  File "/home/user/dev/analyze_agent/.venv/lib/python3.12/site-packages/httpx/_client.py", line 1694, in _send_handling_redirects
    response = await self._send_single_request(request)
               ^^^^^^^^^^^^^^^^^^^^^^^^^^^^^^^^^^^^^^^^
  File "/home/user/dev/analyze_agent/.venv/lib/python3.12/site-packages/httpx/_client.py", line 1730, in _send_single_request
    response = await transport.handle_async_request(request)
               ^^^^^^^^^^^^^^^^^^^^^^^^^^^^^^^^^^^^^^^^^^^^^
  File "/home/user/dev/analyze_agent/.venv/lib/python3.12/site-packages/httpx/_transports/default.py", line 393, in handle_async_request
    with map_httpcore_exceptions():
  File "/usr/lib/python3.12/contextlib.py", line 158, in __exit__
    self.gen.throw(value)
  File "/home/user/dev/analyze_agent/.venv/lib/python3.12/site-packages/httpx/_transports/default.py", line 118, in map_httpcore_exceptions
    raise mapped_exc(message) from exc
httpx.ReadTimeout
[14:51:24] DEBUG | mcp-server | [CACHE] Skip caching error response: {'error': 'InfoSphere request failed: '}
[14:51:24] DEBUG | mcp-server | [TARANTOOL] Cache set: cache:7f860b3978c3ec802c46a34d725c4868, ttl=9600
[14:51:24] DEBUG | mcp-server | [CACHE] Cache SET: cache:7f860b3978c3ec802c46a34d725c4868, ttl=9600
[14:51:43] WARNING | mcp-server | [_RETRY_REQUEST] Request error: . Retrying in 0.5 seconds...
[14:51:44] INFO | mcp-server | 
[14:52:14] WARNING | mcp-server | [_RETRY_REQUEST] Request error: . Retrying in 1.0 seconds...
[14:52:15] INFO | mcp-server | 
[14:52:45] ERROR | mcp-server | [_RETRY_REQUEST] Request failed after 3 attempts: 
[14:52:45] ERROR | mcp-server | [INFOSPHERE] InfoSphere request failed for INN 7707083893
Traceback (most recent call last):
  File "/home/user/dev/analyze_agent/.venv/lib/python3.12/site-packages/httpx/_transports/default.py", line 101, in map_httpcore_exceptions
    yield
  File "/home/user/dev/analyze_agent/.venv/lib/python3.12/site-packages/httpx/_transports/default.py", line 394, in handle_async_request
    resp = await self._pool.handle_async_request(req)
           ^^^^^^^^^^^^^^^^^^^^^^^^^^^^^^^^^^^^^^^^^^
  File "/home/user/dev/analyze_agent/.venv/lib/python3.12/site-packages/httpcore/_async/connection_pool.py", line 256, in handle_async_request
    raise exc from None
  File "/home/user/dev/analyze_agent/.venv/lib/python3.12/site-packages/httpcore/_async/connection_pool.py", line 236, in handle_async_request
    response = await connection.handle_async_request(
               ^^^^^^^^^^^^^^^^^^^^^^^^^^^^^^^^^^^^^^
  File "/home/user/dev/analyze_agent/.venv/lib/python3.12/site-packages/httpcore/_async/connection.py", line 103, in handle_async_request
    return await self._connection.handle_async_request(request)
           ^^^^^^^^^^^^^^^^^^^^^^^^^^^^^^^^^^^^^^^^^^^^^^^^^^^^
  File "/home/user/dev/analyze_agent/.venv/lib/python3.12/site-packages/httpcore/_async/http11.py", line 136, in handle_async_request
    raise exc
  File "/home/user/dev/analyze_agent/.venv/lib/python3.12/site-packages/httpcore/_async/http11.py", line 106, in handle_async_request
    ) = await self._receive_response_headers(**kwargs)
        ^^^^^^^^^^^^^^^^^^^^^^^^^^^^^^^^^^^^^^^^^^^^^^
  File "/home/user/dev/analyze_agent/.venv/lib/python3.12/site-packages/httpcore/_async/http11.py", line 177, in _receive_response_headers
    event = await self._receive_event(timeout=timeout)
            ^^^^^^^^^^^^^^^^^^^^^^^^^^^^^^^^^^^^^^^^^^
  File "/home/user/dev/analyze_agent/.venv/lib/python3.12/site-packages/httpcore/_async/http11.py", line 217, in _receive_event
    data = await self._network_stream.read(
           ^^^^^^^^^^^^^^^^^^^^^^^^^^^^^^^^
  File "/home/user/dev/analyze_agent/.venv/lib/python3.12/site-packages/httpcore/_backends/anyio.py", line 32, in read
    with map_exceptions(exc_map):
  File "/usr/lib/python3.12/contextlib.py", line 158, in __exit__
    self.gen.throw(value)
  File "/home/user/dev/analyze_agent/.venv/lib/python3.12/site-packages/httpcore/_exceptions.py", line 14, in map_exceptions
    raise to_exc(exc) from exc
httpcore.ReadTimeout

The above exception was the direct cause of the following exception:

Traceback (most recent call last):
  File "/home/user/dev/analyze_agent/app/services/fetch_data.py", line 58, in fetch_from_infosphere
    resp = await client.request(
           ^^^^^^^^^^^^^^^^^^^^^
  File "/home/user/dev/analyze_agent/app/services/http_client.py", line 200, in request
    return await self._retry_request(method=method, url=url, **kwargs)
           ^^^^^^^^^^^^^^^^^^^^^^^^^^^^^^^^^^^^^^^^^^^^^^^^^^^^^^^^^^^
  File "/home/user/dev/analyze_agent/app/services/http_client.py", line 94, in _retry_request
    response = await client.request(method, url, **kwargs)
               ^^^^^^^^^^^^^^^^^^^^^^^^^^^^^^^^^^^^^^^^^^^
  File "/home/user/dev/analyze_agent/.venv/lib/python3.12/site-packages/httpx/_client.py", line 1540, in request
    return await self.send(request, auth=auth, follow_redirects=follow_redirects)
           ^^^^^^^^^^^^^^^^^^^^^^^^^^^^^^^^^^^^^^^^^^^^^^^^^^^^^^^^^^^^^^^^^^^^^^
  File "/home/user/dev/analyze_agent/.venv/lib/python3.12/site-packages/httpx/_client.py", line 1629, in send
    response = await self._send_handling_auth(
               ^^^^^^^^^^^^^^^^^^^^^^^^^^^^^^^
  File "/home/user/dev/analyze_agent/.venv/lib/python3.12/site-packages/httpx/_client.py", line 1657, in _send_handling_auth
    response = await self._send_handling_redirects(
               ^^^^^^^^^^^^^^^^^^^^^^^^^^^^^^^^^^^^
  File "/home/user/dev/analyze_agent/.venv/lib/python3.12/site-packages/httpx/_client.py", line 1694, in _send_handling_redirects
    response = await self._send_single_request(request)
               ^^^^^^^^^^^^^^^^^^^^^^^^^^^^^^^^^^^^^^^^
  File "/home/user/dev/analyze_agent/.venv/lib/python3.12/site-packages/httpx/_client.py", line 1730, in _send_single_request
    response = await transport.handle_async_request(request)
               ^^^^^^^^^^^^^^^^^^^^^^^^^^^^^^^^^^^^^^^^^^^^^
  File "/home/user/dev/analyze_agent/.venv/lib/python3.12/site-packages/httpx/_transports/default.py", line 393, in handle_async_request
    with map_httpcore_exceptions():
  File "/usr/lib/python3.12/contextlib.py", line 158, in __exit__
    self.gen.throw(value)
  File "/home/user/dev/analyze_agent/.venv/lib/python3.12/site-packages/httpx/_transports/default.py", line 118, in map_httpcore_exceptions
    raise mapped_exc(message) from exc
httpx.ReadTimeout
[14:52:46] DEBUG | mcp-server | [CACHE] Skip caching error response: {'error': 'InfoSphere request failed: '}
[14:52:46] DEBUG | mcp-server | [TARANTOOL] Cache set: cache:7f860b3978c3ec802c46a34d725c4868, ttl=9600
[14:52:46] DEBUG | mcp-server | [CACHE] Cache SET: cache:7f860b3978c3ec802c46a34d725c4868, ttl=9600
[14:59:07] INFO | mcp-server | [APP] üõë –ó–∞–≤–µ—Ä—à–µ–Ω–∏–µ —Ä–∞–±–æ—Ç—ã –ø—Ä–∏–ª–æ–∂–µ–Ω–∏—è...
[14:59:07] INFO | mcp-server | [TARANTOOL] Tarantool connection closed
[14:59:07] INFO | mcp-server | [APP] ‚úÖ –í—Å–µ —Å–æ–µ–¥–∏–Ω–µ–Ω–∏—è –∑–∞–∫—Ä—ã—Ç—ã
[14:59:07] INFO | mcp-server | [APP] ‚úã –ü—Ä–∏–ª–æ–∂–µ–Ω–∏–µ –æ—Å—Ç–∞–Ω–æ–≤–ª–µ–Ω–æ –≤—Ä—É—á–Ω—É—é
[18:05:06] INFO | mcp-server | [APP] MCP-—Å–µ—Ä–≤–µ—Ä –∑–∞–ø—É—â–µ–Ω –≤ —Ñ–æ–Ω–µ –Ω–∞ –ø–æ—Ä—Ç—É 8001
[18:05:06] INFO | mcp-server | [APP] –ò–Ω–∏—Ü–∏–∞–ª–∏–∑–∞—Ü–∏—è –ø—Ä–∏–ª–æ–∂–µ–Ω–∏—è...
[18:05:06] INFO | mcp-server | [TARANTOOL] Tarantool connected successfully
[18:05:06] INFO | mcp-server | [APP] –ö–ª–∏–µ–Ω—Ç—ã –∏–Ω–∏—Ü–∏–∞–ª–∏–∑–∏—Ä–æ–≤–∞–Ω—ã
[18:29:59] INFO | mcp-server | [APP] –ó–∞–≤–µ—Ä—à–µ–Ω–∏–µ —Ä–∞–±–æ—Ç—ã –ø—Ä–∏–ª–æ–∂–µ–Ω–∏—è...
[18:29:59] INFO | mcp-server | [TARANTOOL] Tarantool connection closed
[18:29:59] INFO | mcp-server | [APP] –í—Å–µ —Å–æ–µ–¥–∏–Ω–µ–Ω–∏—è –∑–∞–∫—Ä—ã—Ç—ã
[18:29:59] INFO | mcp-server | [APP] ‚úã –ü—Ä–∏–ª–æ–∂–µ–Ω–∏–µ –æ—Å—Ç–∞–Ω–æ–≤–ª–µ–Ω–æ –≤—Ä—É—á–Ω—É—é
[18:31:18] INFO | mcp-server | [APP] MCP-—Å–µ—Ä–≤–µ—Ä –∑–∞–ø—É—â–µ–Ω –≤ —Ñ–æ–Ω–µ –Ω–∞ –ø–æ—Ä—Ç—É 8001
[18:31:18] INFO | mcp-server | [APP] Streamlit –∑–∞–ø—É—â–µ–Ω –≤ —Ñ–æ–Ω–µ –Ω–∞ –ø–æ—Ä—Ç—É 5000
[18:31:18] INFO | mcp-server | [APP] –ò–Ω–∏—Ü–∏–∞–ª–∏–∑–∞—Ü–∏—è –ø—Ä–∏–ª–æ–∂–µ–Ω–∏—è...
[18:31:18] INFO | mcp-server | [TARANTOOL] Tarantool connected successfully
[18:31:18] INFO | mcp-server | [APP] Streamlit –∑–∞–ø—É—â–µ–Ω –Ω–∞ –ø–æ—Ä—Ç—É 5000
[18:31:18] INFO | mcp-server | [APP] –ö–ª–∏–µ–Ω—Ç—ã –∏–Ω–∏—Ü–∏–∞–ª–∏–∑–∏—Ä–æ–≤–∞–Ω—ã
[18:32:24] DEBUG | mcp-server | [CACHE] Cache MISS: app.services.fetch_data:fetch_company_info:7707083893 ‚Üí cache:7f860b3978c3ec802c46a34d725c4868
[18:32:24] INFO | mcp-server | [COMPANY_INFO] Fetching data for INN: 7707083893
[18:32:24] ERROR | mcp-server | [TARANTOOL] Error on GET cache:71b8a916a2d770889a41fbcc4db6f7eb: unpack(b) received extra data.
[18:32:24] DEBUG | mcp-server | [CACHE] Cache MISS: app.services.fetch_data:fetch_from_casebook:7707083893 ‚Üí cache:71b8a916a2d770889a41fbcc4db6f7eb
[18:32:24] INFO | mcp-server | 
[18:32:24] DEBUG | mcp-server | [CACHE] Cache MISS: app.services.fetch_data:fetch_from_dadata:7707083893 ‚Üí cache:bda37742e816828deea7f9d37c31b431
[18:32:24] INFO | mcp-server | 
[18:32:24] DEBUG | mcp-server | [CACHE] Cache MISS: app.services.fetch_data:fetch_from_infosphere:7707083893 ‚Üí cache:f57fb25c3908b3c8477a4c4e4d23650d
[18:32:24] INFO | mcp-server | 
[18:32:24] INFO | mcp-server | 
[18:32:25] DEBUG | mcp-server | [CACHE] Cache SET: cache:bda37742e816828deea7f9d37c31b431, ttl=7200
[18:32:25] INFO | mcp-server | 
[18:32:25] INFO | mcp-server | [FETCH_ALL_PAGES] –ü–∞–≥–∏–Ω–∞—Ü–∏—è –Ω–µ –æ–±–Ω–∞—Ä—É–∂–µ–Ω–∞. –û—Å—Ç–∞–Ω–∞–≤–ª–∏–≤–∞–µ–º—Å—è –ø–æ—Å–ª–µ —Å—Ç—Ä–∞–Ω–∏—Ü—ã 1.
[18:32:25] DEBUG | mcp-server | [CACHE] Cache SET: cache:71b8a916a2d770889a41fbcc4db6f7eb, ttl=9600
[18:32:54] WARNING | mcp-server | [_RETRY_REQUEST] Request error: . Retrying in 0.5 seconds...
[18:32:55] INFO | mcp-server | 
[18:33:25] WARNING | mcp-server | [_RETRY_REQUEST] Request error: . Retrying in 1.0 seconds...
[18:33:26] INFO | mcp-server | 
[18:33:56] ERROR | mcp-server | [_RETRY_REQUEST] Request failed after 3 attempts: 
[18:33:56] ERROR | mcp-server | [INFOSPHERE] InfoSphere request failed for INN 7707083893
Traceback (most recent call last):
  File "/home/user/dev/analyze_agent/.venv/lib/python3.12/site-packages/httpx/_transports/default.py", line 101, in map_httpcore_exceptions
    yield
  File "/home/user/dev/analyze_agent/.venv/lib/python3.12/site-packages/httpx/_transports/default.py", line 394, in handle_async_request
    resp = await self._pool.handle_async_request(req)
           ^^^^^^^^^^^^^^^^^^^^^^^^^^^^^^^^^^^^^^^^^^
  File "/home/user/dev/analyze_agent/.venv/lib/python3.12/site-packages/httpcore/_async/connection_pool.py", line 256, in handle_async_request
    raise exc from None
  File "/home/user/dev/analyze_agent/.venv/lib/python3.12/site-packages/httpcore/_async/connection_pool.py", line 236, in handle_async_request
    response = await connection.handle_async_request(
               ^^^^^^^^^^^^^^^^^^^^^^^^^^^^^^^^^^^^^^
  File "/home/user/dev/analyze_agent/.venv/lib/python3.12/site-packages/httpcore/_async/connection.py", line 103, in handle_async_request
    return await self._connection.handle_async_request(request)
           ^^^^^^^^^^^^^^^^^^^^^^^^^^^^^^^^^^^^^^^^^^^^^^^^^^^^
  File "/home/user/dev/analyze_agent/.venv/lib/python3.12/site-packages/httpcore/_async/http11.py", line 136, in handle_async_request
    raise exc
  File "/home/user/dev/analyze_agent/.venv/lib/python3.12/site-packages/httpcore/_async/http11.py", line 106, in handle_async_request
    ) = await self._receive_response_headers(**kwargs)
        ^^^^^^^^^^^^^^^^^^^^^^^^^^^^^^^^^^^^^^^^^^^^^^
  File "/home/user/dev/analyze_agent/.venv/lib/python3.12/site-packages/httpcore/_async/http11.py", line 177, in _receive_response_headers
    event = await self._receive_event(timeout=timeout)
            ^^^^^^^^^^^^^^^^^^^^^^^^^^^^^^^^^^^^^^^^^^
  File "/home/user/dev/analyze_agent/.venv/lib/python3.12/site-packages/httpcore/_async/http11.py", line 217, in _receive_event
    data = await self._network_stream.read(
           ^^^^^^^^^^^^^^^^^^^^^^^^^^^^^^^^
  File "/home/user/dev/analyze_agent/.venv/lib/python3.12/site-packages/httpcore/_backends/anyio.py", line 32, in read
    with map_exceptions(exc_map):
  File "/usr/lib/python3.12/contextlib.py", line 158, in __exit__
    self.gen.throw(value)
  File "/home/user/dev/analyze_agent/.venv/lib/python3.12/site-packages/httpcore/_exceptions.py", line 14, in map_exceptions
    raise to_exc(exc) from exc
httpcore.ReadTimeout

The above exception was the direct cause of the following exception:

Traceback (most recent call last):
  File "/home/user/dev/analyze_agent/app/services/fetch_data.py", line 58, in fetch_from_infosphere
    resp = await client.request(
           ^^^^^^^^^^^^^^^^^^^^^
  File "/home/user/dev/analyze_agent/app/services/http_client.py", line 200, in request
    return await self._retry_request(method=method, url=url, **kwargs)
           ^^^^^^^^^^^^^^^^^^^^^^^^^^^^^^^^^^^^^^^^^^^^^^^^^^^^^^^^^^^
  File "/home/user/dev/analyze_agent/app/services/http_client.py", line 94, in _retry_request
    response = await client.request(method, url, **kwargs)
               ^^^^^^^^^^^^^^^^^^^^^^^^^^^^^^^^^^^^^^^^^^^
  File "/home/user/dev/analyze_agent/.venv/lib/python3.12/site-packages/httpx/_client.py", line 1540, in request
    return await self.send(request, auth=auth, follow_redirects=follow_redirects)
           ^^^^^^^^^^^^^^^^^^^^^^^^^^^^^^^^^^^^^^^^^^^^^^^^^^^^^^^^^^^^^^^^^^^^^^
  File "/home/user/dev/analyze_agent/.venv/lib/python3.12/site-packages/httpx/_client.py", line 1629, in send
    response = await self._send_handling_auth(
               ^^^^^^^^^^^^^^^^^^^^^^^^^^^^^^^
  File "/home/user/dev/analyze_agent/.venv/lib/python3.12/site-packages/httpx/_client.py", line 1657, in _send_handling_auth
    response = await self._send_handling_redirects(
               ^^^^^^^^^^^^^^^^^^^^^^^^^^^^^^^^^^^^
  File "/home/user/dev/analyze_agent/.venv/lib/python3.12/site-packages/httpx/_client.py", line 1694, in _send_handling_redirects
    response = await self._send_single_request(request)
               ^^^^^^^^^^^^^^^^^^^^^^^^^^^^^^^^^^^^^^^^
  File "/home/user/dev/analyze_agent/.venv/lib/python3.12/site-packages/httpx/_client.py", line 1730, in _send_single_request
    response = await transport.handle_async_request(request)
               ^^^^^^^^^^^^^^^^^^^^^^^^^^^^^^^^^^^^^^^^^^^^^
  File "/home/user/dev/analyze_agent/.venv/lib/python3.12/site-packages/httpx/_transports/default.py", line 393, in handle_async_request
    with map_httpcore_exceptions():
  File "/usr/lib/python3.12/contextlib.py", line 158, in __exit__
    self.gen.throw(value)
  File "/home/user/dev/analyze_agent/.venv/lib/python3.12/site-packages/httpx/_transports/default.py", line 118, in map_httpcore_exceptions
    raise mapped_exc(message) from exc
httpx.ReadTimeout
[18:33:56] DEBUG | mcp-server | [CACHE] Skip caching error response: {'error': 'InfoSphere request failed: '}
[18:33:56] DEBUG | mcp-server | [CACHE] Cache SET: cache:7f860b3978c3ec802c46a34d725c4868, ttl=9600
[18:47:37] INFO | mcp-server | [APP] –ó–∞–≤–µ—Ä—à–µ–Ω–∏–µ —Ä–∞–±–æ—Ç—ã –ø—Ä–∏–ª–æ–∂–µ–Ω–∏—è...
[18:47:37] INFO | mcp-server | [TARANTOOL] Tarantool connection closed
[18:47:37] INFO | mcp-server | [APP] –í—Å–µ —Å–æ–µ–¥–∏–Ω–µ–Ω–∏—è –∑–∞–∫—Ä—ã—Ç—ã
[18:47:37] INFO | mcp-server | [APP] ‚úã –ü—Ä–∏–ª–æ–∂–µ–Ω–∏–µ –æ—Å—Ç–∞–Ω–æ–≤–ª–µ–Ω–æ –≤—Ä—É—á–Ω—É—é
[18:48:28] INFO | mcp-server | [APP] MCP-—Å–µ—Ä–≤–µ—Ä –∑–∞–ø—É—â–µ–Ω –≤ —Ñ–æ–Ω–µ –Ω–∞ –ø–æ—Ä—Ç—É 8001
[18:48:28] INFO | mcp-server | [APP] –ò–Ω–∏—Ü–∏–∞–ª–∏–∑–∞—Ü–∏—è –ø—Ä–∏–ª–æ–∂–µ–Ω–∏—è...
[18:48:28] INFO | mcp-server | [TARANTOOL] Tarantool connected successfully
[18:48:28] INFO | mcp-server | [APP] LLM –∏–Ω–∏—Ü–∏–∞–ª–∏–∑–∏—Ä–æ–≤–∞–Ω
[18:48:28] INFO | mcp-server | [APP] Streamlit –∑–∞–ø—É—â–µ–Ω –Ω–∞ –ø–æ—Ä—Ç—É 5000
[18:48:28] INFO | mcp-server | [APP] –ö–ª–∏–µ–Ω—Ç—ã –∏–Ω–∏—Ü–∏–∞–ª–∏–∑–∏—Ä–æ–≤–∞–Ω—ã
[18:48:59] ERROR | mcp-server | [APP] –û—à–∏–±–∫–∞ –≤—ã–ø–æ–ª–Ω–µ–Ω–∏—è –≥—Ä–∞—Ñ–∞: No synchronous function provided to "planner".
Either initialize with a synchronous function or invoke via the async API (ainvoke, astream, etc.)
[18:48:59] INFO | mcp-server | [APP] –°–æ—Å—Ç–æ—è–Ω–∏–µ –≥—Ä–∞—Ñ–∞ —Å–æ—Ö—Ä–∞–Ω–µ–Ω–æ –≤ Tarantool: thread:thread_b45b603e0cdf44b684b70a49c3f41082
[18:48:59] ERROR | mcp-server | [TARANTOOL] Failed to save persistent thread:thread_b45b603e0cdf44b684b70a49c3f41082: can not serialize 'HuggingFaceEndpoint' object
[18:48:59] ERROR | mcp-server | [TARANTOOL] Failed to save persistent thread:thread_b45b603e0cdf44b684b70a49c3f41082: can not serialize 'HuggingFaceEndpoint' object
[18:48:59] INFO | mcp-server | [APP] Thread saved: thread:thread_b45b603e0cdf44b684b70a49c3f41082
[18:48:59] INFO | mcp-server | [APP] Thread saved: thread:thread_b45b603e0cdf44b684b70a49c3f41082
